1559622457024	mozrunner::runner	INFO	Running command: "/usr/bin/firefox" "-marionette" "-foreground" "-no-remote" "-profile" "/tmp/rust_mozprofile.iajweIpj6IHv"
1559622460482	addons.webextension.screenshots@mozilla.org	WARN	Loading extension 'screenshots@mozilla.org': Reading manifest: Invalid extension permission: mozillaAddons
1559622460483	addons.webextension.screenshots@mozilla.org	WARN	Loading extension 'screenshots@mozilla.org': Reading manifest: Invalid extension permission: resource://pdf.js/
1559622460483	addons.webextension.screenshots@mozilla.org	WARN	Loading extension 'screenshots@mozilla.org': Reading manifest: Invalid extension permission: about:reader*
1559622466790	Marionette	INFO	Listening on port 43483
1559622466898	Marionette	WARN	TLS certificate errors will be ignored for this session
[Parent 29975, Gecko_IOThread] WARNING: pipe error (79): Connection reset by peer: file /build/firefox-xkwMhH/firefox-67.0+build2/ipc/chromium/src/chrome/common/ipc_channel_posix.cc, line 357
[Parent 29975, Gecko_IOThread] WARNING: pipe error (96): Connection reset by peer: file /build/firefox-xkwMhH/firefox-67.0+build2/ipc/chromium/src/chrome/common/ipc_channel_posix.cc, line 357
1559622471371	Marionette	INFO	Stopped listening on port 43483
1559624055441	mozrunner::runner	INFO	Running command: "/usr/bin/firefox" "-marionette" "-foreground" "-no-remote" "-profile" "/tmp/rust_mozprofile.LHpMyywBUzwe"
1559624055672	addons.webextension.screenshots@mozilla.org	WARN	Loading extension 'screenshots@mozilla.org': Reading manifest: Invalid extension permission: mozillaAddons
1559624055672	addons.webextension.screenshots@mozilla.org	WARN	Loading extension 'screenshots@mozilla.org': Reading manifest: Invalid extension permission: resource://pdf.js/
1559624055672	addons.webextension.screenshots@mozilla.org	WARN	Loading extension 'screenshots@mozilla.org': Reading manifest: Invalid extension permission: about:reader*
1559624057884	Marionette	INFO	Listening on port 37083
1559624057949	Marionette	WARN	TLS certificate errors will be ignored for this session
1559624090576	mozrunner::runner	INFO	Running command: "/usr/bin/firefox" "-marionette" "-foreground" "-no-remote" "-profile" "/tmp/rust_mozprofile.GZ5COSqDY6eM"
1559624090807	addons.webextension.screenshots@mozilla.org	WARN	Loading extension 'screenshots@mozilla.org': Reading manifest: Invalid extension permission: mozillaAddons
1559624090807	addons.webextension.screenshots@mozilla.org	WARN	Loading extension 'screenshots@mozilla.org': Reading manifest: Invalid extension permission: resource://pdf.js/
1559624090807	addons.webextension.screenshots@mozilla.org	WARN	Loading extension 'screenshots@mozilla.org': Reading manifest: Invalid extension permission: about:reader*
1559624093177	Marionette	INFO	Listening on port 37251
1559624093185	Marionette	WARN	TLS certificate errors will be ignored for this session
1559624123619	mozrunner::runner	INFO	Running command: "/usr/bin/firefox" "-marionette" "-foreground" "-no-remote" "-profile" "/tmp/rust_mozprofile.3c1Ze8ioc6jR"
1559624123845	addons.webextension.screenshots@mozilla.org	WARN	Loading extension 'screenshots@mozilla.org': Reading manifest: Invalid extension permission: mozillaAddons
1559624123846	addons.webextension.screenshots@mozilla.org	WARN	Loading extension 'screenshots@mozilla.org': Reading manifest: Invalid extension permission: resource://pdf.js/
1559624123846	addons.webextension.screenshots@mozilla.org	WARN	Loading extension 'screenshots@mozilla.org': Reading manifest: Invalid extension permission: about:reader*
1559624126650	Marionette	INFO	Listening on port 33173
1559624126733	Marionette	WARN	TLS certificate errors will be ignored for this session
1559624148832	mozrunner::runner	INFO	Running command: "/usr/bin/firefox" "-marionette" "-foreground" "-no-remote" "-profile" "/tmp/rust_mozprofile.r3QfzSck3Gmn"
1559624149059	addons.webextension.screenshots@mozilla.org	WARN	Loading extension 'screenshots@mozilla.org': Reading manifest: Invalid extension permission: mozillaAddons
1559624149059	addons.webextension.screenshots@mozilla.org	WARN	Loading extension 'screenshots@mozilla.org': Reading manifest: Invalid extension permission: resource://pdf.js/
1559624149059	addons.webextension.screenshots@mozilla.org	WARN	Loading extension 'screenshots@mozilla.org': Reading manifest: Invalid extension permission: about:reader*
1559624151570	Marionette	INFO	Listening on port 39553
1559624151654	Marionette	WARN	TLS certificate errors will be ignored for this session
[Parent 2127, Gecko_IOThread] WARNING: pipe error (79): Connection reset by peer: file /build/firefox-xkwMhH/firefox-67.0+build2/ipc/chromium/src/chrome/common/ipc_channel_posix.cc, line 357
[Parent 2127, Gecko_IOThread] WARNING: pipe error (98): Connection reset by peer: file /build/firefox-xkwMhH/firefox-67.0+build2/ipc/chromium/src/chrome/common/ipc_channel_posix.cc, line 357
1559624165803	Marionette	INFO	Stopped listening on port 39553
[Parent 1698, Gecko_IOThread] WARNING: pipe error (79): Connection reset by peer: file /build/firefox-xkwMhH/firefox-67.0+build2/ipc/chromium/src/chrome/common/ipc_channel_posix.cc, line 357
[Parent 1698, Gecko_IOThread] WARNING: pipe error (96): Connection reset by peer: file /build/firefox-xkwMhH/firefox-67.0+build2/ipc/chromium/src/chrome/common/ipc_channel_posix.cc, line 357
1559624167071	Marionette	INFO	Stopped listening on port 33173
[Parent 1264, Gecko_IOThread] WARNING: pipe error (79): Connection reset by peer: file /build/firefox-xkwMhH/firefox-67.0+build2/ipc/chromium/src/chrome/common/ipc_channel_posix.cc, line 357
1559624168244	Marionette	INFO	Stopped listening on port 37251
[Parent 819, Gecko_IOThread] WARNING: pipe error (96): Connection reset by peer: file /build/firefox-xkwMhH/firefox-67.0+build2/ipc/chromium/src/chrome/common/ipc_channel_posix.cc, line 357
[Parent 819, Gecko_IOThread] WARNING: pipe error (79): Connection reset by peer: file /build/firefox-xkwMhH/firefox-67.0+build2/ipc/chromium/src/chrome/common/ipc_channel_posix.cc, line 357
1559624169641	Marionette	INFO	Stopped listening on port 37083
1559624221378	mozrunner::runner	INFO	Running command: "/usr/bin/firefox" "-marionette" "-foreground" "-no-remote" "-profile" "/tmp/rust_mozprofile.1eLipYkNFcGJ"
1559624221605	addons.webextension.screenshots@mozilla.org	WARN	Loading extension 'screenshots@mozilla.org': Reading manifest: Invalid extension permission: mozillaAddons
1559624221605	addons.webextension.screenshots@mozilla.org	WARN	Loading extension 'screenshots@mozilla.org': Reading manifest: Invalid extension permission: resource://pdf.js/
1559624221605	addons.webextension.screenshots@mozilla.org	WARN	Loading extension 'screenshots@mozilla.org': Reading manifest: Invalid extension permission: about:reader*
1559624224364	Marionette	INFO	Listening on port 38893
1559624224387	Marionette	WARN	TLS certificate errors will be ignored for this session
1559624225945	Marionette	INFO	Stopped listening on port 38893
JavaScript error: resource://activity-stream/lib/ActivityStreamPrefs.jsm, line 23: NS_ERROR_ILLEGAL_VALUE: Component returned failure code: 0x80070057 (NS_ERROR_ILLEGAL_VALUE) [nsIPrefBranch.removeObserver]
console.log: "RemoteSettingsWorker error: UnknownError: The operation failed for reasons unrelated to the database itself and not covered by any other error code."
1559624243065	mozrunner::runner	INFO	Running command: "/usr/bin/firefox" "-marionette" "-foreground" "-no-remote" "-profile" "/tmp/rust_mozprofile.dPh1geka64FR"
1559624243294	addons.webextension.screenshots@mozilla.org	WARN	Loading extension 'screenshots@mozilla.org': Reading manifest: Invalid extension permission: mozillaAddons
1559624243294	addons.webextension.screenshots@mozilla.org	WARN	Loading extension 'screenshots@mozilla.org': Reading manifest: Invalid extension permission: resource://pdf.js/
1559624243294	addons.webextension.screenshots@mozilla.org	WARN	Loading extension 'screenshots@mozilla.org': Reading manifest: Invalid extension permission: about:reader*
1559624246238	Marionette	INFO	Listening on port 46797
1559624246274	Marionette	WARN	TLS certificate errors will be ignored for this session
1559624250317	Marionette	INFO	Stopped listening on port 46797
1559624352446	mozrunner::runner	INFO	Running command: "/usr/bin/firefox" "-marionette" "-foreground" "-no-remote" "-profile" "/tmp/rust_mozprofile.5dPNzUil2h9d"
1559624352688	addons.webextension.screenshots@mozilla.org	WARN	Loading extension 'screenshots@mozilla.org': Reading manifest: Invalid extension permission: mozillaAddons
1559624352688	addons.webextension.screenshots@mozilla.org	WARN	Loading extension 'screenshots@mozilla.org': Reading manifest: Invalid extension permission: resource://pdf.js/
1559624352688	addons.webextension.screenshots@mozilla.org	WARN	Loading extension 'screenshots@mozilla.org': Reading manifest: Invalid extension permission: about:reader*
1559624355325	Marionette	INFO	Listening on port 33469
1559624355366	Marionette	WARN	TLS certificate errors will be ignored for this session
1559624356939	Marionette	INFO	Stopped listening on port 33469
JavaScript error: resource://activity-stream/lib/ActivityStreamPrefs.jsm, line 23: NS_ERROR_ILLEGAL_VALUE: Component returned failure code: 0x80070057 (NS_ERROR_ILLEGAL_VALUE) [nsIPrefBranch.removeObserver]

###!!! [Child][RunMessage] Error: Channel closing: too late to send/recv, messages will be lost

1559624376324	mozrunner::runner	INFO	Running command: "/usr/bin/firefox" "-marionette" "-foreground" "-no-remote" "-profile" "/tmp/rust_mozprofile.oNKMxwyRHjGF"
1559624376550	addons.webextension.screenshots@mozilla.org	WARN	Loading extension 'screenshots@mozilla.org': Reading manifest: Invalid extension permission: mozillaAddons
1559624376550	addons.webextension.screenshots@mozilla.org	WARN	Loading extension 'screenshots@mozilla.org': Reading manifest: Invalid extension permission: resource://pdf.js/
1559624376550	addons.webextension.screenshots@mozilla.org	WARN	Loading extension 'screenshots@mozilla.org': Reading manifest: Invalid extension permission: about:reader*
1559624379220	Marionette	INFO	Listening on port 45197
1559624379256	Marionette	WARN	TLS certificate errors will be ignored for this session
1559624380721	Marionette	INFO	Stopped listening on port 45197
JavaScript error: resource://activity-stream/lib/ActivityStreamPrefs.jsm, line 23: NS_ERROR_ILLEGAL_VALUE: Component returned failure code: 0x80070057 (NS_ERROR_ILLEGAL_VALUE) [nsIPrefBranch.removeObserver]
[Parent 4058, Gecko_IOThread] WARNING: pipe error (125): Connection reset by peer: file /build/firefox-xkwMhH/firefox-67.0+build2/ipc/chromium/src/chrome/common/ipc_channel_posix.cc, line 357
console.log: "RemoteSettingsWorker error: UnknownError: The operation failed for reasons unrelated to the database itself and not covered by any other error code."
1559624400388	mozrunner::runner	INFO	Running command: "/usr/bin/firefox" "-marionette" "-foreground" "-no-remote" "-profile" "/tmp/rust_mozprofile.31jJiemLS1Cz"
1559624400619	addons.webextension.screenshots@mozilla.org	WARN	Loading extension 'screenshots@mozilla.org': Reading manifest: Invalid extension permission: mozillaAddons
1559624400619	addons.webextension.screenshots@mozilla.org	WARN	Loading extension 'screenshots@mozilla.org': Reading manifest: Invalid extension permission: resource://pdf.js/
1559624400620	addons.webextension.screenshots@mozilla.org	WARN	Loading extension 'screenshots@mozilla.org': Reading manifest: Invalid extension permission: about:reader*
1559624402939	Marionette	INFO	Listening on port 37673
1559624402997	Marionette	WARN	TLS certificate errors will be ignored for this session
1559624404591	Marionette	INFO	Stopped listening on port 37673
JavaScript error: resource://activity-stream/lib/ActivityStreamPrefs.jsm, line 23: NS_ERROR_ILLEGAL_VALUE: Component returned failure code: 0x80070057 (NS_ERROR_ILLEGAL_VALUE) [nsIPrefBranch.removeObserver]

###!!! [Child][MessageChannel] Error: (msgtype=0x530005,name=PHttpChannel::Msg_Cancel) Closed channel: cannot send/recv

console.log: "RemoteSettingsWorker error: UnknownError: The operation failed for reasons unrelated to the database itself and not covered by any other error code."

###!!! [Parent][DispatchAsyncMessage] Error: PBackgroundIDBFactory::Msg_PBackgroundIDBFactoryRequestConstructor Value error: message was deserialized, but contained an illegal value


###!!! [Parent][DispatchAsyncMessage] Error: PBackgroundIDBFactory::Msg_PBackgroundIDBFactoryRequestConstructor Value error: message was deserialized, but contained an illegal value

1559624419855	mozrunner::runner	INFO	Running command: "/usr/bin/firefox" "-marionette" "-foreground" "-no-remote" "-profile" "/tmp/rust_mozprofile.4phb43eEoROX"
1559624420084	addons.webextension.screenshots@mozilla.org	WARN	Loading extension 'screenshots@mozilla.org': Reading manifest: Invalid extension permission: mozillaAddons
1559624420085	addons.webextension.screenshots@mozilla.org	WARN	Loading extension 'screenshots@mozilla.org': Reading manifest: Invalid extension permission: resource://pdf.js/
1559624420085	addons.webextension.screenshots@mozilla.org	WARN	Loading extension 'screenshots@mozilla.org': Reading manifest: Invalid extension permission: about:reader*
1559624422505	Marionette	INFO	Listening on port 46543
1559624422563	Marionette	WARN	TLS certificate errors will be ignored for this session
1559624464848	mozrunner::runner	INFO	Running command: "/usr/bin/firefox" "-marionette" "-foreground" "-no-remote" "-profile" "/tmp/rust_mozprofile.gzs90uEb73YA"
1559624465073	addons.webextension.screenshots@mozilla.org	WARN	Loading extension 'screenshots@mozilla.org': Reading manifest: Invalid extension permission: mozillaAddons
1559624465074	addons.webextension.screenshots@mozilla.org	WARN	Loading extension 'screenshots@mozilla.org': Reading manifest: Invalid extension permission: resource://pdf.js/
1559624465074	addons.webextension.screenshots@mozilla.org	WARN	Loading extension 'screenshots@mozilla.org': Reading manifest: Invalid extension permission: about:reader*
1559624468037	Marionette	INFO	Listening on port 39725
1559624468057	Marionette	WARN	TLS certificate errors will be ignored for this session
1559624493301	mozrunner::runner	INFO	Running command: "/usr/bin/firefox" "-marionette" "-foreground" "-no-remote" "-profile" "/tmp/rust_mozprofile.mwGEsSmo3Iw1"
1559624493529	addons.webextension.screenshots@mozilla.org	WARN	Loading extension 'screenshots@mozilla.org': Reading manifest: Invalid extension permission: mozillaAddons
1559624493529	addons.webextension.screenshots@mozilla.org	WARN	Loading extension 'screenshots@mozilla.org': Reading manifest: Invalid extension permission: resource://pdf.js/
1559624493529	addons.webextension.screenshots@mozilla.org	WARN	Loading extension 'screenshots@mozilla.org': Reading manifest: Invalid extension permission: about:reader*
1559624496034	Marionette	INFO	Listening on port 41805
1559624496109	Marionette	WARN	TLS certificate errors will be ignored for this session
[Parent 5960, Gecko_IOThread] WARNING: pipe error (79): Connection reset by peer: file /build/firefox-xkwMhH/firefox-67.0+build2/ipc/chromium/src/chrome/common/ipc_channel_posix.cc, line 357
[Parent 5960, Gecko_IOThread] WARNING: pipe error (59): Connection reset by peer: file /build/firefox-xkwMhH/firefox-67.0+build2/ipc/chromium/src/chrome/common/ipc_channel_posix.cc, line 357
1559624509587	Marionette	INFO	Stopped listening on port 41805
[Parent 5554, Gecko_IOThread] WARNING: pipe error (79): Connection reset by peer: file /build/firefox-xkwMhH/firefox-67.0+build2/ipc/chromium/src/chrome/common/ipc_channel_posix.cc, line 357
[Parent 5554, Gecko_IOThread] WARNING: pipe error (59): Connection reset by peer: file /build/firefox-xkwMhH/firefox-67.0+build2/ipc/chromium/src/chrome/common/ipc_channel_posix.cc, line 357
1559624511067	Marionette	INFO	Stopped listening on port 39725
[Parent 5150, Gecko_IOThread] WARNING: pipe error (79): Connection reset by peer: file /build/firefox-xkwMhH/firefox-67.0+build2/ipc/chromium/src/chrome/common/ipc_channel_posix.cc, line 357
[Parent 5150, Gecko_IOThread] WARNING: pipe error (93): Connection reset by peer: file /build/firefox-xkwMhH/firefox-67.0+build2/ipc/chromium/src/chrome/common/ipc_channel_posix.cc, line 357
1559624512392	Marionette	INFO	Stopped listening on port 46543
1559629593849	mozrunner::runner	INFO	Running command: "/usr/bin/firefox" "-marionette" "-foreground" "-no-remote" "-profile" "/tmp/rust_mozprofile.g7ahMyyppcoQ"
1559629594072	addons.webextension.screenshots@mozilla.org	WARN	Loading extension 'screenshots@mozilla.org': Reading manifest: Invalid extension permission: mozillaAddons
1559629594072	addons.webextension.screenshots@mozilla.org	WARN	Loading extension 'screenshots@mozilla.org': Reading manifest: Invalid extension permission: resource://pdf.js/
1559629594073	addons.webextension.screenshots@mozilla.org	WARN	Loading extension 'screenshots@mozilla.org': Reading manifest: Invalid extension permission: about:reader*
1559629596767	Marionette	INFO	Listening on port 40053
1559629596859	Marionette	WARN	TLS certificate errors will be ignored for this session
1559629598357	Marionette	INFO	Stopped listening on port 40053
JavaScript error: resource://activity-stream/lib/ActivityStreamPrefs.jsm, line 23: NS_ERROR_ILLEGAL_VALUE: Component returned failure code: 0x80070057 (NS_ERROR_ILLEGAL_VALUE) [nsIPrefBranch.removeObserver]
[Parent 10092, Gecko_IOThread] WARNING: pipe error (128): Connection reset by peer: file /build/firefox-xkwMhH/firefox-67.0+build2/ipc/chromium/src/chrome/common/ipc_channel_posix.cc, line 357

###!!! [Parent][DispatchAsyncMessage] Error: PBackgroundIDBFactory::Msg_PBackgroundIDBFactoryRequestConstructor Value error: message was deserialized, but contained an illegal value


###!!! [Parent][DispatchAsyncMessage] Error: PBackgroundIDBFactory::Msg_PBackgroundIDBFactoryRequestConstructor Value error: message was deserialized, but contained an illegal value

1559629606757	mozrunner::runner	INFO	Running command: "/usr/bin/firefox" "-marionette" "-foreground" "-no-remote" "-profile" "/tmp/rust_mozprofile.6A6z34IkEoMt"
1559629606983	addons.webextension.screenshots@mozilla.org	WARN	Loading extension 'screenshots@mozilla.org': Reading manifest: Invalid extension permission: mozillaAddons
1559629606984	addons.webextension.screenshots@mozilla.org	WARN	Loading extension 'screenshots@mozilla.org': Reading manifest: Invalid extension permission: resource://pdf.js/
1559629606984	addons.webextension.screenshots@mozilla.org	WARN	Loading extension 'screenshots@mozilla.org': Reading manifest: Invalid extension permission: about:reader*
1559629609695	Marionette	INFO	Listening on port 42129
1559629609767	Marionette	WARN	TLS certificate errors will be ignored for this session
1559629611384	Marionette	INFO	Stopped listening on port 42129
JavaScript error: resource://activity-stream/lib/ActivityStreamPrefs.jsm, line 23: NS_ERROR_ILLEGAL_VALUE: Component returned failure code: 0x80070057 (NS_ERROR_ILLEGAL_VALUE) [nsIPrefBranch.removeObserver]
JavaScript error: resource://gre/modules/WebProgressChild.jsm, line 61: TypeError: this.mm.content is null
JavaScript error: resource://activity-stream/lib/PlacesFeed.jsm, line 171: NS_ERROR_UNEXPECTED: Component returned failure code: 0x8000ffff (NS_ERROR_UNEXPECTED) [nsINavHistoryService.addObserver]
JavaScript error: resource://gre/modules/ExtensionSettingsStore.jsm, line 105: Error: The ExtensionSettingsStore was accessed before the initialize promise resolved.
JavaScript error: resource://gre/modules/IndexedDB.jsm, line 349: UnknownError: The operation failed for reasons unrelated to the database itself and not covered by any other error code.
JavaScript error: resource://gre/modules/IndexedDB.jsm, line 349: UnknownError: The operation failed for reasons unrelated to the database itself and not covered by any other error code.
JavaScript error: resource://gre/modules/IndexedDB.jsm, line 349: UnknownError: The operation failed for reasons unrelated to the database itself and not covered by any other error code.
JavaScript error: resource://gre/modules/Sqlite.jsm, line 834: Error: Connection is not open.
console.log: "RemoteSettingsWorker error: UnknownError: The operation failed for reasons unrelated to the database itself and not covered by any other error code."
1559629685649	mozrunner::runner	INFO	Running command: "/usr/bin/firefox" "-marionette" "-foreground" "-no-remote" "-profile" "/tmp/rust_mozprofile.7v9Yia87vZZ3"
1559629685875	addons.webextension.screenshots@mozilla.org	WARN	Loading extension 'screenshots@mozilla.org': Reading manifest: Invalid extension permission: mozillaAddons
1559629685875	addons.webextension.screenshots@mozilla.org	WARN	Loading extension 'screenshots@mozilla.org': Reading manifest: Invalid extension permission: resource://pdf.js/
1559629685875	addons.webextension.screenshots@mozilla.org	WARN	Loading extension 'screenshots@mozilla.org': Reading manifest: Invalid extension permission: about:reader*
1559629688075	Marionette	INFO	Listening on port 40909
1559629688161	Marionette	WARN	TLS certificate errors will be ignored for this session
1559629689735	Marionette	INFO	Stopped listening on port 40909
JavaScript error: resource://activity-stream/lib/ActivityStreamPrefs.jsm, line 23: NS_ERROR_ILLEGAL_VALUE: Component returned failure code: 0x80070057 (NS_ERROR_ILLEGAL_VALUE) [nsIPrefBranch.removeObserver]
JavaScript error: resource://gre/modules/WebProgressChild.jsm, line 61: TypeError: this.mm.content is null
JavaScript error: resource://activity-stream/lib/PlacesFeed.jsm, line 171: NS_ERROR_UNEXPECTED: Component returned failure code: 0x8000ffff (NS_ERROR_UNEXPECTED) [nsINavHistoryService.addObserver]
JavaScript error: resource://gre/modules/ExtensionSettingsStore.jsm, line 105: Error: The ExtensionSettingsStore was accessed before the initialize promise resolved.
JavaScript error: resource://gre/modules/IndexedDB.jsm, line 349: UnknownError: The operation failed for reasons unrelated to the database itself and not covered by any other error code.
JavaScript error: resource://gre/modules/IndexedDB.jsm, line 349: UnknownError: The operation failed for reasons unrelated to the database itself and not covered by any other error code.
JavaScript error: resource://gre/modules/IndexedDB.jsm, line 349: UnknownError: The operation failed for reasons unrelated to the database itself and not covered by any other error code.
JavaScript error: resource://gre/modules/Sqlite.jsm, line 834: Error: Connection is not open.
console.log: "RemoteSettingsWorker error: UnknownError: The operation failed for reasons unrelated to the database itself and not covered by any other error code."
1559629704348	mozrunner::runner	INFO	Running command: "/usr/bin/firefox" "-marionette" "-foreground" "-no-remote" "-profile" "/tmp/rust_mozprofile.L46VyG2iwKVz"
1559629704571	addons.webextension.screenshots@mozilla.org	WARN	Loading extension 'screenshots@mozilla.org': Reading manifest: Invalid extension permission: mozillaAddons
1559629704572	addons.webextension.screenshots@mozilla.org	WARN	Loading extension 'screenshots@mozilla.org': Reading manifest: Invalid extension permission: resource://pdf.js/
1559629704572	addons.webextension.screenshots@mozilla.org	WARN	Loading extension 'screenshots@mozilla.org': Reading manifest: Invalid extension permission: about:reader*
1559629707290	Marionette	INFO	Listening on port 34091
1559629707357	Marionette	WARN	TLS certificate errors will be ignored for this session
1559629708836	Marionette	INFO	Stopped listening on port 34091
JavaScript error: resource://activity-stream/lib/ActivityStreamPrefs.jsm, line 23: NS_ERROR_ILLEGAL_VALUE: Component returned failure code: 0x80070057 (NS_ERROR_ILLEGAL_VALUE) [nsIPrefBranch.removeObserver]
JavaScript error: resource://gre/modules/WebProgressChild.jsm, line 61: TypeError: this.mm.content is null
1559629730687	mozrunner::runner	INFO	Running command: "/usr/bin/firefox" "-marionette" "-foreground" "-no-remote" "-profile" "/tmp/rust_mozprofile.eWPqbOxb5C9J"
1559629730966	addons.webextension.screenshots@mozilla.org	WARN	Loading extension 'screenshots@mozilla.org': Reading manifest: Invalid extension permission: mozillaAddons
1559629730966	addons.webextension.screenshots@mozilla.org	WARN	Loading extension 'screenshots@mozilla.org': Reading manifest: Invalid extension permission: resource://pdf.js/
1559629730967	addons.webextension.screenshots@mozilla.org	WARN	Loading extension 'screenshots@mozilla.org': Reading manifest: Invalid extension permission: about:reader*
1559629733226	Marionette	INFO	Listening on port 34057
1559629733295	Marionette	WARN	TLS certificate errors will be ignored for this session
1559630169569	mozrunner::runner	INFO	Running command: "/usr/bin/firefox" "-marionette" "-foreground" "-no-remote" "-profile" "/tmp/rust_mozprofile.deIVhfrB37U5"
1559630169794	addons.webextension.screenshots@mozilla.org	WARN	Loading extension 'screenshots@mozilla.org': Reading manifest: Invalid extension permission: mozillaAddons
1559630169794	addons.webextension.screenshots@mozilla.org	WARN	Loading extension 'screenshots@mozilla.org': Reading manifest: Invalid extension permission: resource://pdf.js/
1559630169794	addons.webextension.screenshots@mozilla.org	WARN	Loading extension 'screenshots@mozilla.org': Reading manifest: Invalid extension permission: about:reader*
1559630172079	Marionette	INFO	Listening on port 34133
1559630172181	Marionette	WARN	TLS certificate errors will be ignored for this session
[Parent 13395, Gecko_IOThread] WARNING: pipe error: Broken pipe: file /build/firefox-xkwMhH/firefox-67.0+build2/ipc/chromium/src/chrome/common/ipc_channel_posix.cc, line 726
[Parent 11645, Gecko_IOThread] WARNING: pipe error (79): Connection reset by peer: file /build/firefox-xkwMhH/firefox-67.0+build2/ipc/chromium/src/chrome/common/ipc_channel_posix.cc, line 357
[Parent 11645, Gecko_IOThread] WARNING: pipe error (85): Connection reset by peer: file /build/firefox-xkwMhH/firefox-67.0+build2/ipc/chromium/src/chrome/common/ipc_channel_posix.cc, line 357
1559630182459	Marionette	INFO	Stopped listening on port 34057
JavaScript warning: https://s.vnecdn.net/vnexpress/restruct/j/v387/v2/helper/general.js, line 63: unreachable code after return statement
JavaScript error: resource:///actors/NetErrorChild.jsm, line 749: NS_ERROR_FAILURE: Component returned failure code: 0x80004005 (NS_ERROR_FAILURE) [nsIStringBundle.GetStringFromName]
JavaScript warning: https://s.vnecdn.net/vnexpress/restruct/j/v387/v2/helper/interactions/commentv3.js, line 1: SyntaxError: 09 is not a legal ECMA-262 octal constant
console.warn: "Error while detaching the thread front: 'detach' request packet to 'server1.conn0.child1/context19' can't be sent as the connection is closed."
1559630217065	Marionette	INFO	Stopped listening on port 34133
[Parent 13395, Gecko_IOThread] WARNING: pipe error (79): Connection reset by peer: file /build/firefox-xkwMhH/firefox-67.0+build2/ipc/chromium/src/chrome/common/ipc_channel_posix.cc, line 357
1559630309702	mozrunner::runner	INFO	Running command: "/usr/bin/firefox" "-marionette" "-foreground" "-no-remote" "-profile" "/tmp/rust_mozprofile.MVUdceUuo9vp"
1559630309926	addons.webextension.screenshots@mozilla.org	WARN	Loading extension 'screenshots@mozilla.org': Reading manifest: Invalid extension permission: mozillaAddons
1559630309926	addons.webextension.screenshots@mozilla.org	WARN	Loading extension 'screenshots@mozilla.org': Reading manifest: Invalid extension permission: resource://pdf.js/
1559630309926	addons.webextension.screenshots@mozilla.org	WARN	Loading extension 'screenshots@mozilla.org': Reading manifest: Invalid extension permission: about:reader*
1559630312284	Marionette	INFO	Listening on port 33163
1559630312335	Marionette	WARN	TLS certificate errors will be ignored for this session
[Parent 14046, Gecko_IOThread] WARNING: pipe error: Broken pipe: file /build/firefox-xkwMhH/firefox-67.0+build2/ipc/chromium/src/chrome/common/ipc_channel_posix.cc, line 726
JavaScript warning: https://s.vnecdn.net/vnexpress/restruct/j/v387/v2/helper/general.js, line 63: unreachable code after return statement
JavaScript error: resource:///actors/NetErrorChild.jsm, line 749: NS_ERROR_FAILURE: Component returned failure code: 0x80004005 (NS_ERROR_FAILURE) [nsIStringBundle.GetStringFromName]
console.error: BroadcastService: 
  receivedBroadcastMessage: handler for
  remote-settings/monitor_changes
  threw error:
  Message: Error: Polling for changes failed: http://%(server)s/dummy/blocklist//buckets/monitor/collections/changes/records?_expected=%221559618092506%22 is not a valid URL..
  Stack:
    remoteSettingsFunction/remoteSettings.pollChanges@resource://services-settings/remote-settings.js:203:13

1559630384647	Marionette	INFO	Stopped listening on port 33163
[Parent 14046, Gecko_IOThread] WARNING: pipe error (79): Connection reset by peer: file /build/firefox-xkwMhH/firefox-67.0+build2/ipc/chromium/src/chrome/common/ipc_channel_posix.cc, line 357
JavaScript error: resource://gre/modules/WebProgressChild.jsm, line 61: TypeError: this.mm.content is null
1559631882569	mozrunner::runner	INFO	Running command: "/usr/bin/firefox" "-marionette" "-foreground" "-no-remote" "-profile" "/tmp/rust_mozprofile.pTnP2XL403qx"
1559631882793	addons.webextension.screenshots@mozilla.org	WARN	Loading extension 'screenshots@mozilla.org': Reading manifest: Invalid extension permission: mozillaAddons
1559631882793	addons.webextension.screenshots@mozilla.org	WARN	Loading extension 'screenshots@mozilla.org': Reading manifest: Invalid extension permission: resource://pdf.js/
1559631882793	addons.webextension.screenshots@mozilla.org	WARN	Loading extension 'screenshots@mozilla.org': Reading manifest: Invalid extension permission: about:reader*
1559631885132	Marionette	INFO	Listening on port 32999
1559631885178	Marionette	WARN	TLS certificate errors will be ignored for this session
[Parent 17543, Gecko_IOThread] WARNING: pipe error: Broken pipe: file /build/firefox-xkwMhH/firefox-67.0+build2/ipc/chromium/src/chrome/common/ipc_channel_posix.cc, line 726
JavaScript warning: https://s.vnecdn.net/vnexpress/restruct/j/v387/v2/helper/general.js, line 63: unreachable code after return statement
JavaScript error: resource:///actors/NetErrorChild.jsm, line 749: NS_ERROR_FAILURE: Component returned failure code: 0x80004005 (NS_ERROR_FAILURE) [nsIStringBundle.GetStringFromName]
1559631901494	Marionette	INFO	Stopped listening on port 32999
[Parent 17543, Gecko_IOThread] WARNING: pipe error (79): Connection reset by peer: file /build/firefox-xkwMhH/firefox-67.0+build2/ipc/chromium/src/chrome/common/ipc_channel_posix.cc, line 357

###!!! [Child][MessageChannel] Error: (msgtype=0x610027,name=PNecko::Msg_RemoveRequestContext) Channel closing: too late to send/recv, messages will be lost

[Child 17736, Chrome_ChildThread] WARNING: pipe error (3): Connection reset by peer: file /build/firefox-xkwMhH/firefox-67.0+build2/ipc/chromium/src/chrome/common/ipc_channel_posix.cc, line 357
1559632405067	mozrunner::runner	INFO	Running command: "/usr/bin/firefox" "-marionette" "-foreground" "-no-remote" "-profile" "/tmp/rust_mozprofile.ESLSqmTxTaW2"
1559632405295	addons.webextension.screenshots@mozilla.org	WARN	Loading extension 'screenshots@mozilla.org': Reading manifest: Invalid extension permission: mozillaAddons
1559632405296	addons.webextension.screenshots@mozilla.org	WARN	Loading extension 'screenshots@mozilla.org': Reading manifest: Invalid extension permission: resource://pdf.js/
1559632405296	addons.webextension.screenshots@mozilla.org	WARN	Loading extension 'screenshots@mozilla.org': Reading manifest: Invalid extension permission: about:reader*
1559632407871	Marionette	INFO	Listening on port 41457
1559632407906	Marionette	WARN	TLS certificate errors will be ignored for this session
[Parent 18695, Gecko_IOThread] WARNING: pipe error: Broken pipe: file /build/firefox-xkwMhH/firefox-67.0+build2/ipc/chromium/src/chrome/common/ipc_channel_posix.cc, line 726
JavaScript warning: https://s.vnecdn.net/vnexpress/restruct/j/v387/v2/helper/general.js, line 63: unreachable code after return statement
JavaScript error: resource:///actors/NetErrorChild.jsm, line 749: NS_ERROR_FAILURE: Component returned failure code: 0x80004005 (NS_ERROR_FAILURE) [nsIStringBundle.GetStringFromName]
1559632421067	Marionette	INFO	Stopped listening on port 41457
[Parent 18695, Gecko_IOThread] WARNING: pipe error (79): Connection reset by peer: file /build/firefox-xkwMhH/firefox-67.0+build2/ipc/chromium/src/chrome/common/ipc_channel_posix.cc, line 357
JavaScript error: resource://gre/modules/WebProgressChild.jsm, line 61: TypeError: this.mm.content is null
1559632439857	mozrunner::runner	INFO	Running command: "/usr/bin/firefox" "-marionette" "-foreground" "-no-remote" "-profile" "/tmp/rust_mozprofile.21cpYcVO4Bum"
1559632440085	addons.webextension.screenshots@mozilla.org	WARN	Loading extension 'screenshots@mozilla.org': Reading manifest: Invalid extension permission: mozillaAddons
1559632440085	addons.webextension.screenshots@mozilla.org	WARN	Loading extension 'screenshots@mozilla.org': Reading manifest: Invalid extension permission: resource://pdf.js/
1559632440085	addons.webextension.screenshots@mozilla.org	WARN	Loading extension 'screenshots@mozilla.org': Reading manifest: Invalid extension permission: about:reader*
1559632442921	Marionette	INFO	Listening on port 41891
1559632442971	Marionette	WARN	TLS certificate errors will be ignored for this session
[Parent 19084, Gecko_IOThread] WARNING: pipe error: Broken pipe: file /build/firefox-xkwMhH/firefox-67.0+build2/ipc/chromium/src/chrome/common/ipc_channel_posix.cc, line 726
JavaScript warning: https://s.vnecdn.net/vnexpress/restruct/j/v387/v2/helper/general.js, line 63: unreachable code after return statement
JavaScript error: resource:///actors/NetErrorChild.jsm, line 749: NS_ERROR_FAILURE: Component returned failure code: 0x80004005 (NS_ERROR_FAILURE) [nsIStringBundle.GetStringFromName]
console.error: BroadcastService: 
  receivedBroadcastMessage: handler for
  remote-settings/monitor_changes
  threw error:
  Message: Error: Polling for changes failed: http://%(server)s/dummy/blocklist//buckets/monitor/collections/changes/records?_expected=%221559618092506%22 is not a valid URL..
  Stack:
    remoteSettingsFunction/remoteSettings.pollChanges@resource://services-settings/remote-settings.js:203:13

1559632470128	Marionette	INFO	Stopped listening on port 41891
[Parent 19084, Gecko_IOThread] WARNING: pipe error (79): Connection reset by peer: file /build/firefox-xkwMhH/firefox-67.0+build2/ipc/chromium/src/chrome/common/ipc_channel_posix.cc, line 357
1559632573215	mozrunner::runner	INFO	Running command: "/usr/bin/firefox" "-marionette" "-foreground" "-no-remote" "-profile" "/tmp/rust_mozprofile.q6QedI7EbRqe"
1559632573447	addons.webextension.screenshots@mozilla.org	WARN	Loading extension 'screenshots@mozilla.org': Reading manifest: Invalid extension permission: mozillaAddons
1559632573447	addons.webextension.screenshots@mozilla.org	WARN	Loading extension 'screenshots@mozilla.org': Reading manifest: Invalid extension permission: resource://pdf.js/
1559632573447	addons.webextension.screenshots@mozilla.org	WARN	Loading extension 'screenshots@mozilla.org': Reading manifest: Invalid extension permission: about:reader*
1559632575790	Marionette	INFO	Listening on port 40793
1559632575823	Marionette	WARN	TLS certificate errors will be ignored for this session
[Parent 19676, Gecko_IOThread] WARNING: pipe error: Broken pipe: file /build/firefox-xkwMhH/firefox-67.0+build2/ipc/chromium/src/chrome/common/ipc_channel_posix.cc, line 726
JavaScript warning: https://s.vnecdn.net/vnexpress/restruct/j/v387/v2/helper/general.js, line 63: unreachable code after return statement
JavaScript error: resource:///actors/NetErrorChild.jsm, line 749: NS_ERROR_FAILURE: Component returned failure code: 0x80004005 (NS_ERROR_FAILURE) [nsIStringBundle.GetStringFromName]
1559632589069	Marionette	INFO	Stopped listening on port 40793
JavaScript error: resource://gre/modules/WebProgressChild.jsm, line 61: TypeError: this.mm.content is null

###!!! [Child][MessageChannel] Error: (msgtype=0x530005,name=PHttpChannel::Msg_Cancel) Closed channel: cannot send/recv


###!!! [Child][MessageChannel] Error: (msgtype=0x530005,name=PHttpChannel::Msg_Cancel) Closed channel: cannot send/recv

1559632626574	mozrunner::runner	INFO	Running command: "/usr/bin/firefox" "-marionette" "-foreground" "-no-remote" "-profile" "/tmp/rust_mozprofile.xsPqLkMd6v9p"
1559632626802	addons.webextension.screenshots@mozilla.org	WARN	Loading extension 'screenshots@mozilla.org': Reading manifest: Invalid extension permission: mozillaAddons
1559632626802	addons.webextension.screenshots@mozilla.org	WARN	Loading extension 'screenshots@mozilla.org': Reading manifest: Invalid extension permission: resource://pdf.js/
1559632626803	addons.webextension.screenshots@mozilla.org	WARN	Loading extension 'screenshots@mozilla.org': Reading manifest: Invalid extension permission: about:reader*
1559632629072	Marionette	INFO	Listening on port 43275
1559632629083	Marionette	WARN	TLS certificate errors will be ignored for this session
[Parent 20073, Gecko_IOThread] WARNING: pipe error: Broken pipe: file /build/firefox-xkwMhH/firefox-67.0+build2/ipc/chromium/src/chrome/common/ipc_channel_posix.cc, line 726
JavaScript warning: https://s.vnecdn.net/vnexpress/restruct/j/v387/v2/helper/general.js, line 63: unreachable code after return statement
JavaScript error: resource:///actors/NetErrorChild.jsm, line 749: NS_ERROR_FAILURE: Component returned failure code: 0x80004005 (NS_ERROR_FAILURE) [nsIStringBundle.GetStringFromName]
1559632646780	Marionette	INFO	Stopped listening on port 43275
[Parent 20073, Gecko_IOThread] WARNING: pipe error (79): Connection reset by peer: file /build/firefox-xkwMhH/firefox-67.0+build2/ipc/chromium/src/chrome/common/ipc_channel_posix.cc, line 357

###!!! [Child][RunMessage] Error: Channel closing: too late to send/recv, messages will be lost

1559632775135	mozrunner::runner	INFO	Running command: "/usr/bin/firefox" "-marionette" "-foreground" "-no-remote" "-profile" "/tmp/rust_mozprofile.nnmmbeAozZRH"
1559632775361	addons.webextension.screenshots@mozilla.org	WARN	Loading extension 'screenshots@mozilla.org': Reading manifest: Invalid extension permission: mozillaAddons
1559632775362	addons.webextension.screenshots@mozilla.org	WARN	Loading extension 'screenshots@mozilla.org': Reading manifest: Invalid extension permission: resource://pdf.js/
1559632775362	addons.webextension.screenshots@mozilla.org	WARN	Loading extension 'screenshots@mozilla.org': Reading manifest: Invalid extension permission: about:reader*
1559632777794	Marionette	INFO	Listening on port 34485
1559632777853	Marionette	WARN	TLS certificate errors will be ignored for this session
[Parent 20627, Gecko_IOThread] WARNING: pipe error: Broken pipe: file /build/firefox-xkwMhH/firefox-67.0+build2/ipc/chromium/src/chrome/common/ipc_channel_posix.cc, line 726
JavaScript warning: https://s.vnecdn.net/vnexpress/restruct/j/v387/v2/helper/general.js, line 63: unreachable code after return statement
JavaScript error: resource:///actors/NetErrorChild.jsm, line 749: NS_ERROR_FAILURE: Component returned failure code: 0x80004005 (NS_ERROR_FAILURE) [nsIStringBundle.GetStringFromName]
1559632792924	Marionette	INFO	Stopped listening on port 34485
[Parent 20627, Gecko_IOThread] WARNING: pipe error (79): Connection reset by peer: file /build/firefox-xkwMhH/firefox-67.0+build2/ipc/chromium/src/chrome/common/ipc_channel_posix.cc, line 357

###!!! [Child][MessageChannel] Error: (msgtype=0x610027,name=PNecko::Msg_RemoveRequestContext) Channel closing: too late to send/recv, messages will be lost

1559632824580	mozrunner::runner	INFO	Running command: "/usr/bin/firefox" "-marionette" "-foreground" "-no-remote" "-profile" "/tmp/rust_mozprofile.RIXKtvAXBTMP"
1559632824818	addons.webextension.screenshots@mozilla.org	WARN	Loading extension 'screenshots@mozilla.org': Reading manifest: Invalid extension permission: mozillaAddons
1559632824818	addons.webextension.screenshots@mozilla.org	WARN	Loading extension 'screenshots@mozilla.org': Reading manifest: Invalid extension permission: resource://pdf.js/
1559632824819	addons.webextension.screenshots@mozilla.org	WARN	Loading extension 'screenshots@mozilla.org': Reading manifest: Invalid extension permission: about:reader*
1559632827118	Marionette	INFO	Listening on port 40005
1559632827193	Marionette	WARN	TLS certificate errors will be ignored for this session
[Parent 21069, Gecko_IOThread] WARNING: pipe error: Broken pipe: file /build/firefox-xkwMhH/firefox-67.0+build2/ipc/chromium/src/chrome/common/ipc_channel_posix.cc, line 726
JavaScript warning: https://s.vnecdn.net/vnexpress/restruct/j/v387/v2/helper/general.js, line 63: unreachable code after return statement
JavaScript error: resource:///actors/NetErrorChild.jsm, line 749: NS_ERROR_FAILURE: Component returned failure code: 0x80004005 (NS_ERROR_FAILURE) [nsIStringBundle.GetStringFromName]
1559632842438	Marionette	INFO	Stopped listening on port 40005
[Parent 21069, Gecko_IOThread] WARNING: pipe error (79): Connection reset by peer: file /build/firefox-xkwMhH/firefox-67.0+build2/ipc/chromium/src/chrome/common/ipc_channel_posix.cc, line 357

###!!! [Child][RunMessage] Error: Channel closing: too late to send/recv, messages will be lost

[Child 21260, Chrome_ChildThread] WARNING: pipe error (3): Connection reset by peer: file /build/firefox-xkwMhH/firefox-67.0+build2/ipc/chromium/src/chrome/common/ipc_channel_posix.cc, line 357

###!!! [Child][RunMessage] Error: Channel closing: too late to send/recv, messages will be lost

1559633013093	mozrunner::runner	INFO	Running command: "/usr/bin/firefox" "-marionette" "-foreground" "-no-remote" "-profile" "/tmp/rust_mozprofile.nrrp8paVL1ON"
1559633013320	addons.webextension.screenshots@mozilla.org	WARN	Loading extension 'screenshots@mozilla.org': Reading manifest: Invalid extension permission: mozillaAddons
1559633013320	addons.webextension.screenshots@mozilla.org	WARN	Loading extension 'screenshots@mozilla.org': Reading manifest: Invalid extension permission: resource://pdf.js/
1559633013320	addons.webextension.screenshots@mozilla.org	WARN	Loading extension 'screenshots@mozilla.org': Reading manifest: Invalid extension permission: about:reader*
1559633015476	Marionette	INFO	Listening on port 34557
1559633015500	Marionette	WARN	TLS certificate errors will be ignored for this session
[Parent 21671, Gecko_IOThread] WARNING: pipe error: Broken pipe: file /build/firefox-xkwMhH/firefox-67.0+build2/ipc/chromium/src/chrome/common/ipc_channel_posix.cc, line 726
JavaScript warning: https://s.vnecdn.net/vnexpress/restruct/j/v387/v2/helper/general.js, line 63: unreachable code after return statement
JavaScript error: resource:///actors/NetErrorChild.jsm, line 749: NS_ERROR_FAILURE: Component returned failure code: 0x80004005 (NS_ERROR_FAILURE) [nsIStringBundle.GetStringFromName]
1559633033218	Marionette	INFO	Stopped listening on port 34557
[Parent 21671, Gecko_IOThread] WARNING: pipe error (79): Connection reset by peer: file /build/firefox-xkwMhH/firefox-67.0+build2/ipc/chromium/src/chrome/common/ipc_channel_posix.cc, line 357

###!!! [Child][RunMessage] Error: Channel closing: too late to send/recv, messages will be lost

1559633089777	mozrunner::runner	INFO	Running command: "/usr/bin/firefox" "-marionette" "-foreground" "-no-remote" "-profile" "/tmp/rust_mozprofile.C8Irp5iR8TwI"
1559633090004	addons.webextension.screenshots@mozilla.org	WARN	Loading extension 'screenshots@mozilla.org': Reading manifest: Invalid extension permission: mozillaAddons
1559633090004	addons.webextension.screenshots@mozilla.org	WARN	Loading extension 'screenshots@mozilla.org': Reading manifest: Invalid extension permission: resource://pdf.js/
1559633090004	addons.webextension.screenshots@mozilla.org	WARN	Loading extension 'screenshots@mozilla.org': Reading manifest: Invalid extension permission: about:reader*
1559633092475	Marionette	INFO	Listening on port 46333
1559633092508	Marionette	WARN	TLS certificate errors will be ignored for this session
[Parent 22142, Gecko_IOThread] WARNING: pipe error: Broken pipe: file /build/firefox-xkwMhH/firefox-67.0+build2/ipc/chromium/src/chrome/common/ipc_channel_posix.cc, line 726
JavaScript warning: https://s.vnecdn.net/vnexpress/restruct/j/v387/v2/helper/general.js, line 63: unreachable code after return statement
JavaScript error: resource:///actors/NetErrorChild.jsm, line 749: NS_ERROR_FAILURE: Component returned failure code: 0x80004005 (NS_ERROR_FAILURE) [nsIStringBundle.GetStringFromName]
1559633107528	Marionette	INFO	Stopped listening on port 46333
[Parent 22142, Gecko_IOThread] WARNING: pipe error (79): Connection reset by peer: file /build/firefox-xkwMhH/firefox-67.0+build2/ipc/chromium/src/chrome/common/ipc_channel_posix.cc, line 357

###!!! [Child][RunMessage] Error: Channel closing: too late to send/recv, messages will be lost

